<?xml version="1.0" encoding="UTF-8"?>
<testng-results ignored="0" total="1" passed="1" failed="0" skipped="0">
  <reporter-output>
  </reporter-output>
  <suite started-at="2022-07-08T23:53:33 IST" name="myCode" finished-at="2022-07-08T23:53:57 IST" duration-ms="24502">
    <groups>
    </groups>
    <test started-at="2022-07-08T23:53:33 IST" name="myCode Testcases" finished-at="2022-07-08T23:53:57 IST" duration-ms="24502">
      <class name="com.myCode.Testcases.Testcase01">
        <test-method is-config="true" signature="setup()[pri:0, instance:com.myCode.Testcases.Testcase01@11dc3715]" started-at="2022-07-08T23:53:33 IST" name="setup" finished-at="2022-07-08T23:53:44 IST" duration-ms="10731" status="PASS">
          <reporter-output>
          </reporter-output>
        </test-method> <!-- setup -->
        <test-method signature="loginTest()[pri:0, instance:com.myCode.Testcases.Testcase01@11dc3715]" started-at="2022-07-08T23:53:44 IST" name="loginTest" finished-at="2022-07-08T23:53:57 IST" duration-ms="13673" status="PASS">
          <reporter-output>
          </reporter-output>
        </test-method> <!-- loginTest -->
        <test-method is-config="true" signature="tearDown()[pri:0, instance:com.myCode.Testcases.Testcase01@11dc3715]" started-at="2022-07-08T23:53:57 IST" name="tearDown" finished-at="2022-07-08T23:53:57 IST" duration-ms="1" status="PASS">
          <reporter-output>
          </reporter-output>
        </test-method> <!-- tearDown -->
      </class> <!-- com.myCode.Testcases.Testcase01 -->
    </test> <!-- myCode Testcases -->
  </suite> <!-- myCode -->
</testng-results>
